<?xml version="1.0" encoding="UTF-8"?>
<!-- Generated by org.testng.reporters.JUnitXMLReporter -->
<testsuite ignored="0" hostname="DESKTOP-2G7LDOO" failures="0" tests="15" name="MoviesPage Test" time="45.41" errors="0" timestamp="2024-10-22T23:16:24 IST">
  <testcase classname="LoginPageTest" name="testLoginPgUi" time="1.343"/>
  <testcase classname="PopularPageTest" name="testPopularPageUi" time="2.356"/>
  <testcase classname="HomePageTest" name="testTheHomePg" time="3.896"/>
  <testcase classname="AccountPageTest" name="testAccountPgUi" time="3.911"/>
  <testcase classname="HeaderSectionPageTest" name="testHeaderSectionUi" time="1.694"/>
  <testcase classname="SearchPageTest" name="testSearchPgMoviesSearchFunctionality" time="2.386"/>
  <testcase classname="LoginPageTest" name="testLoginPgWithEmptyInputs" time="2.029"/>
  <testcase classname="HeaderSectionPageTest" name="testHeaderSectionFunctionalities" time="1.812"/>
  <testcase classname="MovieDetailsPageTest" name="testMovieDetailsPgHomePgUi" time="9.087"/>
  <testcase classname="AccountPageTest" name="testLogOutFunctionality" time="2.077"/>
  <testcase classname="SearchPageTest" name="testSearchFunctionalityWithFailureCase" time="2.445"/>
  <testcase classname="LoginPageTest" name="testLoginPgWithEmptyUserName" time="0.607"/>
  <testcase classname="LoginPageTest" name="testLoginPgWithEmptyPassword" time="0.556"/>
  <testcase classname="LoginPageTest" name="testLoginPgWithInvalidCredentials" time="0.875"/>
  <testcase classname="LoginPageTest" name="testLoginPgWithValidCredentials" time="0.41"/>
</testsuite> <!-- MoviesPage Test -->
